# JRE version: Java(TM) SE Runtime Environment (7.0_55-b13) (build 1.7.0_55-b13)
# Java VM: Java HotSpot(TM) 64-Bit Server VM (24.55-b03 mixed mode linux-amd64 compressed oops)
Heap
 def new generation   total 314560K, used 200130K [0x00000000b0000000, 0x00000000c5550000, 0x00000000c5550000)
  eden space 279616K,  67% used [0x00000000b0000000, 0x00000000bb95e480, 0x00000000c1110000)
  from space 34944K,  29% used [0x00000000c1110000, 0x00000000c1b226c0, 0x00000000c3330000)
  to   space 34944K,   0% used [0x00000000c3330000, 0x00000000c3330000, 0x00000000c5550000)
 tenured generation   total 699072K, used 171539K [0x00000000c5550000, 0x00000000f0000000, 0x00000000f0000000)
   the space 699072K,  24% used [0x00000000c5550000, 0x00000000cfcd4ca8, 0x00000000cb217000, 0x00000000f0000000)
 compacting perm gen  total 70976K, used 70975K [0x00000000f0000000, 0x00000000f4550000, 0x0000000100000000)
   the space 70976K,  99% used [0x00000000f0000000, 0x00000000f454fff0, 0x00000000f3f9b200, 0x00000000f4550000)
GC Heap History (10 events):
Event: 2787.351 GC heap after
Heap after GC invocations=10 (full 0):
 def new generation   total 314560K, used 16571K [0x00000000b0000000, 0x00000000c5550000, 0x00000000c5550000)
  eden space 279616K,   0% used [0x00000000b0000000, 0x00000000b0000000, 0x00000000c1110000)
  from space 34944K,  47% used [0x00000000c1110000, 0x00000000c213ed58, 0x00000000c3330000)
  to   space 34944K,   0% used [0x00000000c3330000, 0x00000000c3330000, 0x00000000c5550000)
 tenured generation   total 699072K, used 79976K [0x00000000c5550000, 0x00000000f0000000, 0x00000000f0000000)
   the space 699072K,  11% used [0x00000000c5550000, 0x00000000ca36a370, 0x00000000ca36a400, 0x00000000f0000000)
 compacting perm gen  total 65536K, used 57097K [0x00000000f0000000, 0x00000000f4000000, 0x0000000100000000)
   the space 65536K,  87% used [0x00000000f0000000, 0x00000000f37c2628, 0x00000000f37c2800, 0x00000000f4000000)
No shared spaces configured.
}
Event: 2799.830 GC heap before
{Heap before GC invocations=10 (full 0):
 def new generation   total 314560K, used 296187K [0x00000000b0000000, 0x00000000c5550000, 0x00000000c5550000)
  eden space 279616K, 100% used [0x00000000b0000000, 0x00000000c1110000, 0x00000000c1110000)
  from space 34944K,  47% used [0x00000000c1110000, 0x00000000c213ed58, 0x00000000c3330000)
  to   space 34944K,   0% used [0x00000000c3330000, 0x00000000c3330000, 0x00000000c5550000)
 tenured generation   total 699072K, used 79976K [0x00000000c5550000, 0x00000000f0000000, 0x00000000f0000000)
   the space 699072K,  11% used [0x00000000c5550000, 0x00000000ca36a370, 0x00000000ca36a400, 0x00000000f0000000)
 compacting perm gen  total 65536K, used 61633K [0x00000000f0000000, 0x00000000f4000000, 0x0000000100000000)
   the space 65536K,  94% used [0x00000000f0000000, 0x00000000f3c30628, 0x00000000f3c30800, 0x00000000f4000000)
No shared spaces configured.
Event: 2800.410 GC heap after
Heap after GC invocations=11 (full 0):
 def new generation   total 314560K, used 34944K [0x00000000b0000000, 0x00000000c5550000, 0x00000000c5550000)
  eden space 279616K,   0% used [0x00000000b0000000, 0x00000000b0000000, 0x00000000c1110000)
  from space 34944K, 100% used [0x00000000c3330000, 0x00000000c5550000, 0x00000000c5550000)
  to   space 34944K,   0% used [0x00000000c1110000, 0x00000000c1110000, 0x00000000c3330000)
 tenured generation   total 699072K, used 124200K [0x00000000c5550000, 0x00000000f0000000, 0x00000000f0000000)
   the space 699072K,  17% used [0x00000000c5550000, 0x00000000cce9a000, 0x00000000cce9a000, 0x00000000f0000000)
 compacting perm gen  total 65536K, used 61633K [0x00000000f0000000, 0x00000000f4000000, 0x0000000100000000)
   the space 65536K,  94% used [0x00000000f0000000, 0x00000000f3c30628, 0x00000000f3c30800, 0x00000000f4000000)
No shared spaces configured.
}
Event: 2832.660 GC heap before
{Heap before GC invocations=11 (full 0):
 def new generation   total 314560K, used 314560K [0x00000000b0000000, 0x00000000c5550000, 0x00000000c5550000)
  eden space 279616K, 100% used [0x00000000b0000000, 0x00000000c1110000, 0x00000000c1110000)
  from space 34944K, 100% used [0x00000000c3330000, 0x00000000c5550000, 0x00000000c5550000)
  to   space 34944K,   0% used [0x00000000c1110000, 0x00000000c1110000, 0x00000000c3330000)
 tenured generation   total 699072K, used 124200K [0x00000000c5550000, 0x00000000f0000000, 0x00000000f0000000)
   the space 699072K,  17% used [0x00000000c5550000, 0x00000000cce9a000, 0x00000000cce9a000, 0x00000000f0000000)
 compacting perm gen  total 69376K, used 69162K [0x00000000f0000000, 0x00000000f43c0000, 0x0000000100000000)
   the space 69376K,  99% used [0x00000000f0000000, 0x00000000f438aac0, 0x00000000f438ac00, 0x00000000f43c0000)
No shared spaces configured.
Event: 2834.637 GC heap after
Heap after GC invocations=12 (full 0):
 def new generation   total 314560K, used 19567K [0x00000000b0000000, 0x00000000c5550000, 0x00000000c5550000)
  eden space 279616K,   0% used [0x00000000b0000000, 0x00000000b0000000, 0x00000000c1110000)
  from space 34944K,  55% used [0x00000000c1110000, 0x00000000c242bfc0, 0x00000000c3330000)
  to   space 34944K,   0% used [0x00000000c3330000, 0x00000000c3330000, 0x00000000c5550000)
 tenured generation   total 699072K, used 158876K [0x00000000c5550000, 0x00000000f0000000, 0x00000000f0000000)
   the space 699072K,  22% used [0x00000000c5550000, 0x00000000cf0771a8, 0x00000000cf077200, 0x00000000f0000000)
 compacting perm gen  total 69376K, used 69162K [0x00000000f0000000, 0x00000000f43c0000, 0x0000000100000000)
   the space 69376K,  99% used [0x00000000f0000000, 0x00000000f438aac0, 0x00000000f438ac00, 0x00000000f43c0000)
No shared spaces configured.
}
Event: 2994.311 GC heap before
{Heap before GC invocations=12 (full 0):
 def new generation   total 314560K, used 299183K [0x00000000b0000000, 0x00000000c5550000, 0x00000000c5550000)
  eden space 279616K, 100% used [0x00000000b0000000, 0x00000000c1110000, 0x00000000c1110000)
  from space 34944K,  55% used [0x00000000c1110000, 0x00000000c242bfc0, 0x00000000c3330000)
  to   space 34944K,   0% used [0x00000000c3330000, 0x00000000c3330000, 0x00000000c5550000)
 tenured generation   total 699072K, used 158876K [0x00000000c5550000, 0x00000000f0000000, 0x00000000f0000000)
   the space 699072K,  22% used [0x00000000c5550000, 0x00000000cf0771a8, 0x00000000cf077200, 0x00000000f0000000)
 compacting perm gen  total 69376K, used 69215K [0x00000000f0000000, 0x00000000f43c0000, 0x0000000100000000)
   the space 69376K,  99% used [0x00000000f0000000, 0x00000000f4397ed8, 0x00000000f4398000, 0x00000000f43c0000)
No shared spaces configured.
Event: 2995.052 GC heap after
Heap after GC invocations=13 (full 0):
 def new generation   total 314560K, used 7488K [0x00000000b0000000, 0x00000000c5550000, 0x00000000c5550000)
  eden space 279616K,   0% used [0x00000000b0000000, 0x00000000b0000000, 0x00000000c1110000)
  from space 34944K,  21% used [0x00000000c3330000, 0x00000000c3a800c0, 0x00000000c5550000)
  to   space 34944K,   0% used [0x00000000c1110000, 0x00000000c1110000, 0x00000000c3330000)
 tenured generation   total 699072K, used 171539K [0x00000000c5550000, 0x00000000f0000000, 0x00000000f0000000)
   the space 699072K,  24% used [0x00000000c5550000, 0x00000000cfcd4ca8, 0x00000000cfcd4e00, 0x00000000f0000000)
 compacting perm gen  total 69376K, used 69215K [0x00000000f0000000, 0x00000000f43c0000, 0x0000000100000000)
   the space 69376K,  99% used [0x00000000f0000000, 0x00000000f4397ed8, 0x00000000f4398000, 0x00000000f43c0000)
No shared spaces configured.
}
Event: 3042.114 GC heap before
{Heap before GC invocations=13 (full 0):
 def new generation   total 314560K, used 287104K [0x00000000b0000000, 0x00000000c5550000, 0x00000000c5550000)
  eden space 279616K, 100% used [0x00000000b0000000, 0x00000000c1110000, 0x00000000c1110000)
  from space 34944K,  21% used [0x00000000c3330000, 0x00000000c3a800c0, 0x00000000c5550000)
  to   space 34944K,   0% used [0x00000000c1110000, 0x00000000c1110000, 0x00000000c3330000)
 tenured generation   total 699072K, used 171539K [0x00000000c5550000, 0x00000000f0000000, 0x00000000f0000000)
   the space 699072K,  24% used [0x00000000c5550000, 0x00000000cfcd4ca8, 0x00000000cfcd4e00, 0x00000000f0000000)
 compacting perm gen  total 69376K, used 69230K [0x00000000f0000000, 0x00000000f43c0000, 0x0000000100000000)
   the space 69376K,  99% used [0x00000000f0000000, 0x00000000f439b980, 0x00000000f439ba00, 0x00000000f43c0000)
No shared spaces configured.
Event: 3042.144 GC heap after
Heap after GC invocations=14 (full 0):
 def new generation   total 314560K, used 10313K [0x00000000b0000000, 0x00000000c5550000, 0x00000000c5550000)
  eden space 279616K,   0% used [0x00000000b0000000, 0x00000000b0000000, 0x00000000c1110000)
  from space 34944K,  29% used [0x00000000c1110000, 0x00000000c1b226c0, 0x00000000c3330000)
  to   space 34944K,   0% used [0x00000000c3330000, 0x00000000c3330000, 0x00000000c5550000)
 tenured generation   total 699072K, used 171539K [0x00000000c5550000, 0x00000000f0000000, 0x00000000f0000000)
   the space 699072K,  24% used [0x00000000c5550000, 0x00000000cfcd4ca8, 0x00000000cfcd4e00, 0x00000000f0000000)
 compacting perm gen  total 69376K, used 69230K [0x00000000f0000000, 0x00000000f43c0000, 0x0000000100000000)
   the space 69376K,  99% used [0x00000000f0000000, 0x00000000f439b980, 0x00000000f439ba00, 0x00000000f43c0000)
No shared spaces configured.
}
Event: 3445.339 GC heap before
{Heap before GC invocations=14 (full 0):
 def new generation   total 314560K, used 200130K [0x00000000b0000000, 0x00000000c5550000, 0x00000000c5550000)
  eden space 279616K,  67% used [0x00000000b0000000, 0x00000000bb95e480, 0x00000000c1110000)
  from space 34944K,  29% used [0x00000000c1110000, 0x00000000c1b226c0, 0x00000000c3330000)
  to   space 34944K,   0% used [0x00000000c3330000, 0x00000000c3330000, 0x00000000c5550000)
 tenured generation   total 699072K, used 171539K [0x00000000c5550000, 0x00000000f0000000, 0x00000000f0000000)
   the space 699072K,  24% used [0x00000000c5550000, 0x00000000cfcd4ca8, 0x00000000cfcd4e00, 0x00000000f0000000)
 compacting perm gen  total 70976K, used 70975K [0x00000000f0000000, 0x00000000f4550000, 0x0000000100000000)
   the space 70976K,  99% used [0x00000000f0000000, 0x00000000f454fff0, 0x00000000f4550000, 0x00000000f4550000)
No shared spaces configured.

